[2J[H
Mon Aug 11 14:19:53 2025       
+---------------------------------------------------------------------------------------+
| NVIDIA-SMI 535.230.02             Driver Version: 535.230.02   CUDA Version: 12.2     |
|-----------------------------------------+----------------------+----------------------+
| GPU  Name                 Persistence-M | Bus-Id        Disp.A | Volatile Uncorr. ECC |
| Fan  Temp   Perf          Pwr:Usage/Cap |         Memory-Usage | GPU-Util  Compute M. |
|                                         |                      |               MIG M. |
|=========================================+======================+======================|
|   0  NVIDIA A100-SXM4-40GB          Off | 00000000:00:05.0 Off |                    0 |
| N/A   29C    P0              43W / 400W |    206MiB / 39936MiB |      0%      Default |
|                                         |                      |             Disabled |
+-----------------------------------------+----------------------+----------------------+
|   1  NVIDIA A100-SXM4-40GB          Off | 00000000:00:06.0 Off |                    0 |
| N/A   27C    P0              41W / 400W |      9MiB / 39936MiB |      0%      Default |
|                                         |                      |             Disabled |
+-----------------------------------------+----------------------+----------------------+
|   2  NVIDIA A100-SXM4-40GB          Off | 00000000:00:07.0 Off |                    0 |
| N/A   31C    P0              43W / 400W |      9MiB / 40960MiB |      0%      Default |
|                                         |                      |             Disabled |
+-----------------------------------------+----------------------+----------------------+
|   3  NVIDIA A100-SXM4-40GB          Off | 00000000:00:08.0 Off |                    0 |
| N/A   30C    P0              42W / 400W |      9MiB / 39936MiB |      0%      Default |
|                                         |                      |             Disabled |
+-----------------------------------------+----------------------+----------------------+
                                                                                         
+---------------------------------------------------------------------------------------+
| Processes:                                                                            |
|  GPU   GI   CI        PID   Type   Process name                            GPU Memory |
|        ID   ID                                                             Usage      |
|=======================================================================================|
|    0   N/A  N/A      1607      G   /usr/lib/xorg/Xorg                           76MiB |
|    0   N/A  N/A      2768      G   /usr/bin/gnome-shell                        113MiB |
|    0   N/A  N/A      3107      G   /usr/libexec/gnome-initial-setup              6MiB |
|    1   N/A  N/A      1607      G   /usr/lib/xorg/Xorg                            4MiB |
|    2   N/A  N/A      1607      G   /usr/lib/xorg/Xorg                            4MiB |
|    3   N/A  N/A      1607      G   /usr/lib/xorg/Xorg                            4MiB |
+---------------------------------------------------------------------------------------+

Traceback (most recent call last):
  File "/home/paperspace/dev/MATS/multi/monitor_gpus.py", line 27, in <module>
    monitor()
  File "/home/paperspace/dev/MATS/multi/monitor_gpus.py", line 18, in monitor
    used = int(line.split('|')[2].split('/')[0].strip().replace('MiB', ''))
ValueError: invalid literal for int() with base 10: ''
