2025-08-11 03:13:35,363 - INFO - ============================================================
2025-08-11 03:13:35,363 - INFO - STARTING EXPERIMENT PIPELINE
2025-08-11 03:13:35,363 - INFO - Start time: 2025-08-11 03:13:35.363384
2025-08-11 03:13:35,363 - INFO - ============================================================
2025-08-11 03:13:35,363 - INFO - Starting GPU monitoring in background...
2025-08-11 03:13:35,364 - INFO - GPU monitor started with PID: 102629
2025-08-11 03:13:35,364 - INFO - Starting main experiments...
2025-08-11 03:13:39,804 - ERROR - Experiments failed after 0.00 hours
Error: Command '['python', 'main_experiments.py']' returned non-zero exit status 1.
Output: 
Error Output: /home/paperspace/.local/lib/python3.9/site-packages/torchvision/io/image.py:13: UserWarning: Failed to load image Python extension: libtorch_cuda_cu.so: cannot open shared object file: No such file or directory
  warn(f"Failed to load image Python extension: {e}")
2025-08-11 03:13:37.660967: I tensorflow/core/util/util.cc:169] oneDNN custom operations are on. You may see slightly different numerical results due to floating-point round-off errors from different computation orders. To turn them off, set the environment variable `TF_ENABLE_ONEDNN_OPTS=0`.
Traceback (most recent call last):
  File "/home/paperspace/dev/MATS/multi/main_experiments.py", line 9, in <module>
    from transformer_lens import HookedTransformer
  File "/home/paperspace/.local/lib/python3.9/site-packages/transformer_lens/__init__.py", line 21, in <module>
    from . import train
  File "/home/paperspace/.local/lib/python3.9/site-packages/transformer_lens/train.py", line 12, in <module>
    import wandb
  File "/home/paperspace/.local/lib/python3.9/site-packages/wandb/__init__.py", line 22, in <module>
    from wandb.sdk.lib import wb_logging as _wb_logging
  File "/home/paperspace/.local/lib/python3.9/site-packages/wandb/sdk/__init__.py", line 25, in <module>
    from .artifacts.artifact import Artifact
  File "/home/paperspace/.local/lib/python3.9/site-packages/wandb/sdk/artifacts/artifact.py", line 30, in <module>
    from wandb import data_types, env
  File "/home/paperspace/.local/lib/python3.9/site-packages/wandb/data_types.py", line 16, in <module>
    from .sdk.data_types.audio import Audio
  File "/home/paperspace/.local/lib/python3.9/site-packages/wandb/sdk/data_types/audio.py", line 11, in <module>
    from .base_types.media import BatchableMedia
  File "/home/paperspace/.local/lib/python3.9/site-packages/wandb/sdk/data_types/base_types/media.py", line 13, in <module>
    from .wb_value import WBValue
  File "/home/paperspace/.local/lib/python3.9/site-packages/wandb/sdk/data_types/base_types/wb_value.py", line 4, in <module>
    from wandb.sdk import wandb_setup
  File "/home/paperspace/.local/lib/python3.9/site-packages/wandb/sdk/wandb_setup.py", line 38, in <module>
    from . import wandb_settings
  File "/home/paperspace/.local/lib/python3.9/site-packages/wandb/sdk/wandb_settings.py", line 23, in <module>
    from pydantic import BaseModel, ConfigDict, Field
ImportError: cannot import name 'ConfigDict' from 'pydantic' (/home/paperspace/.local/lib/python3.9/site-packages/pydantic/__init__.cpython-39-x86_64-linux-gnu.so)

2025-08-11 03:13:39,804 - INFO - Stopping GPU monitor...
2025-08-11 03:13:41,806 - INFO - Sending notification email to gussand@gmail.com...
2025-08-11 03:13:41,808 - ERROR - Failed to send email: [Errno 2] No such file or directory: 'mail'
2025-08-11 03:13:41,808 - INFO - Waiting 10 minutes before shutdown...
2025-08-11 03:13:41,808 - INFO - Shutdown in 10 minutes...
